Generated at Fri Mar 16 21:31:41 -0400 2012
Chef::Exceptions::Exec: service[mysql] (mysql::server55 line 39) had an error: Chef::Exceptions::Exec: /sbin/service mysql start returned 1, expected 0
/usr/lib/ruby/gems/1.8/gems/chef-0.10.8/bin/../lib/chef/mixin/command.rb:127:in `handle_command_failures'
/usr/lib/ruby/gems/1.8/gems/chef-0.10.8/bin/../lib/chef/mixin/command.rb:74:in `run_command'
/usr/lib/ruby/gems/1.8/gems/chef-0.10.8/bin/../lib/chef/provider/service/init.rb:37:in `start_service'
/usr/lib/ruby/gems/1.8/gems/chef-0.10.8/bin/../lib/chef/provider/service.rb:57:in `action_start'
/usr/lib/ruby/gems/1.8/gems/chef-0.10.8/bin/../lib/chef/resource.rb:440:in `send'
/usr/lib/ruby/gems/1.8/gems/chef-0.10.8/bin/../lib/chef/resource.rb:440:in `run_action'
/usr/lib/ruby/gems/1.8/gems/chef-0.10.8/bin/../lib/chef/runner.rb:45:in `run_action'
/usr/lib/ruby/gems/1.8/gems/chef-0.10.8/bin/../lib/chef/runner.rb:81:in `converge'
/usr/lib/ruby/gems/1.8/gems/chef-0.10.8/bin/../lib/chef/runner.rb:81:in `each'
/usr/lib/ruby/gems/1.8/gems/chef-0.10.8/bin/../lib/chef/runner.rb:81:in `converge'
/usr/lib/ruby/gems/1.8/gems/chef-0.10.8/bin/../lib/chef/resource_collection.rb:94:in `execute_each_resource'
/usr/lib/ruby/gems/1.8/gems/chef-0.10.8/bin/../lib/chef/resource_collection/stepable_iterator.rb:116:in `call'
/usr/lib/ruby/gems/1.8/gems/chef-0.10.8/bin/../lib/chef/resource_collection/stepable_iterator.rb:116:in `call_iterator_block'
/usr/lib/ruby/gems/1.8/gems/chef-0.10.8/bin/../lib/chef/resource_collection/stepable_iterator.rb:85:in `step'
/usr/lib/ruby/gems/1.8/gems/chef-0.10.8/bin/../lib/chef/resource_collection/stepable_iterator.rb:104:in `iterate'
/usr/lib/ruby/gems/1.8/gems/chef-0.10.8/bin/../lib/chef/resource_collection/stepable_iterator.rb:55:in `each_with_index'
/usr/lib/ruby/gems/1.8/gems/chef-0.10.8/bin/../lib/chef/resource_collection.rb:92:in `execute_each_resource'
/usr/lib/ruby/gems/1.8/gems/chef-0.10.8/bin/../lib/chef/runner.rb:76:in `converge'
/usr/lib/ruby/gems/1.8/gems/chef-0.10.8/bin/../lib/chef/client.rb:312:in `converge'
/usr/lib/ruby/gems/1.8/gems/chef-0.10.8/bin/../lib/chef/client.rb:160:in `run'
/usr/lib/ruby/gems/1.8/gems/chef-0.10.8/bin/../lib/chef/application/solo.rb:192:in `run_application'
/usr/lib/ruby/gems/1.8/gems/chef-0.10.8/bin/../lib/chef/application/solo.rb:183:in `loop'
/usr/lib/ruby/gems/1.8/gems/chef-0.10.8/bin/../lib/chef/application/solo.rb:183:in `run_application'
/usr/lib/ruby/gems/1.8/gems/chef-0.10.8/bin/../lib/chef/application.rb:67:in `run'
/usr/lib/ruby/gems/1.8/gems/chef-0.10.8/bin/chef-solo:25
/usr/bin/chef-solo:19:in `load'
/usr/bin/chef-solo:19